<?xml version="1.0" encoding="UTF-8"?>
<!-- Generated by org.testng.reporters.JUnitXMLReporter -->
<testsuite hostname="SYS" ignored="0" name="Contacts test" tests="3" failures="0" timestamp="11 Jul 2020 20:45:09 GMT" time="113.605" errors="0">
  <testcase name="CreateNewContact" time="9.234" classname="TestCases.ContactsPageTest"/>
  <testcase name="CreateNewContact" time="6.182" classname="TestCases.ContactsPageTest"/>
  <testcase name="CreateNewContact" time="5.884" classname="TestCases.ContactsPageTest"/>
</testsuite> <!-- Contacts test -->
