<?xml version="1.0" encoding="UTF-8"?>
<!-- Generated by org.testng.reporters.JUnitXMLReporter -->
<testsuite hostname="SYS" ignored="0" name="Home Page test" tests="3" failures="0" timestamp="11 Jul 2020 20:43:15 GMT" time="139.222" errors="0">
  <testcase name="verifyHomePageTitleTest" time="0.104" classname="TestCases.HomePageTest"/>
  <testcase name="verifyUserNameTest" time="0.952" classname="TestCases.HomePageTest"/>
  <testcase name="ContactsLinkTest" time="100.163" classname="TestCases.HomePageTest"/>
</testsuite> <!-- Home Page test -->
